<?xml version="1.0" encoding="UTF-8"?>
<!-- Generated by org.testng.reporters.JUnitReportReporter -->
<testsuite hostname="EPINHYDW0D78" failures="0" tests="1" name="com.epam.scripts.Test01Authorization" time="2.283" errors="0" timestamp="2022-03-11T18:22:40 IST" skipped="0">
  <testcase classname="com.epam.scripts.Test01Authorization" name="authorization" time="2.283"/>
  <system-out/>
</testsuite> <!-- com.epam.scripts.Test01Authorization -->
