<?xml version="1.0" encoding="UTF-8"?>
<!-- Generated by org.testng.reporters.JUnitReportReporter -->
<testsuite hostname="EPINHYDW0D78" failures="0" tests="1" name="test01.Authorization" time="3.279" errors="0" timestamp="2022-03-10T19:34:37 IST" skipped="0">
  <testcase classname="test01.Authorization" name="authorization" time="3.279"/>
  <system-out/>
</testsuite> <!-- test01.Authorization -->
