<?xml version="1.0" encoding="UTF-8"?>
<!-- Generated by org.testng.reporters.JUnitReportReporter -->
<testsuite hostname="EPINHYDW0D78" failures="0" tests="1" name="test01.GetListOfBooks" time="3.069" errors="0" timestamp="2022-03-10T19:09:48 IST" skipped="0">
  <testcase classname="test01.GetListOfBooks" name="getBooks" time="3.069"/>
  <system-out/>
</testsuite> <!-- test01.GetListOfBooks -->
