<?xml version="1.0" encoding="UTF-8"?>
<!-- Generated by org.testng.reporters.JUnitReportReporter -->
<testsuite hostname="EPINHYDW0D78" failures="0" tests="5" name="test01.Test01" time="22.887" errors="0" timestamp="2022-03-10T16:50:04 IST" skipped="0">
  <testcase classname="test01.Test01" name="step3" time="1.680"/>
  <system-out/>
  <testcase classname="test01.Test01" name="step2" time="4.078"/>
  <system-out/>
  <testcase classname="test01.Test01" name="step5" time="1.039"/>
  <system-out/>
  <testcase classname="test01.Test01" name="step1" time="14.349"/>
  <system-out/>
  <testcase classname="test01.Test01" name="step4" time="1.741"/>
  <system-out/>
</testsuite> <!-- test01.Test01 -->
