<?xml version="1.0" encoding="UTF-8"?>
<!-- Generated by org.testng.reporters.JUnitReportReporter -->
<testsuite hostname="EPINHYDW0D78" failures="0" tests="1" name="com.epam.scripts.AddBooksToUser" time="1.151" errors="0" timestamp="2022-03-10T20:28:05 IST" skipped="0">
  <testcase classname="com.epam.scripts.AddBooksToUser" name="addBooksToUser" time="1.151"/>
  <system-out/>
</testsuite> <!-- com.epam.scripts.AddBooksToUser -->
