<?xml version="1.0" encoding="UTF-8"?>
<!-- Generated by org.testng.reporters.JUnitReportReporter -->
<testsuite hostname="EPINHYDW0D78" failures="0" tests="1" name="com.epam.scripts.Test03AddBooksToUser" time="1.086" errors="0" timestamp="2022-03-11T18:22:40 IST" skipped="0">
  <testcase classname="com.epam.scripts.Test03AddBooksToUser" name="addBooksToUser" time="1.086"/>
  <system-out/>
</testsuite> <!-- com.epam.scripts.Test03AddBooksToUser -->
